{"message":"Loading .env from /home/chuck/clinwiki/.env","level":"info","timestamp":"2021-03-04 12:03:04"}
{"message":"Loading schema.graphql","level":"info","timestamp":"2021-03-04 12:03:04"}
{"message":"_________ .__  .__       __      __.__ __   .__ ","level":"info","timestamp":"2021-03-04 12:03:04"}
{"message":"\\_   ___ \\|  | |__| ____/  \\    /  \\__|  | _|__|","level":"info","timestamp":"2021-03-04 12:03:04"}
{"message":"/    \\  \\/|  | |  |/    \\   \\/\\/   /  |  |/ /  |","level":"info","timestamp":"2021-03-04 12:03:04"}
{"message":"\\     \\___|  |_|  |   |  \\        /|  |    <|  |","level":"info","timestamp":"2021-03-04 12:03:04"}
{"message":" \\______  /____/__|___|  /\\__/\\  / |__|__|_ \\__|","level":"info","timestamp":"2021-03-04 12:03:04"}
{"message":"        \\/             \\/      \\/          \\/     ","level":"info","timestamp":"2021-03-04 12:03:04"}
{"message":"Server started on port 8088","level":"info","timestamp":"2021-03-04 12:03:04"}
{"message":"POST /graphql 200 111.477 ms - 20","level":"info","timestamp":"2021-03-04 12:11:23"}
{"message":"POST /graphql 200 866.873 ms - 175","level":"info","timestamp":"2021-03-04 12:11:43"}
{"message":"POST /graphql 200 1123.063 ms - 595","level":"info","timestamp":"2021-03-04 12:11:43"}
{"message":"POST /graphql 200 4.362 ms - 20","level":"info","timestamp":"2021-03-04 12:13:44"}
{"message":"POST /graphql 200 222.054 ms - 595","level":"info","timestamp":"2021-03-04 12:14:00"}
{"message":"Loading .env from /home/chuck/clinwiki/.env","level":"info","timestamp":"2021-03-04 12:23:59"}
{"message":"Loading schema.graphql","level":"info","timestamp":"2021-03-04 12:23:59"}
{"message":"_________ .__  .__       __      __.__ __   .__ ","level":"info","timestamp":"2021-03-04 12:24:00"}
{"message":"\\_   ___ \\|  | |__| ____/  \\    /  \\__|  | _|__|","level":"info","timestamp":"2021-03-04 12:24:00"}
{"message":"/    \\  \\/|  | |  |/    \\   \\/\\/   /  |  |/ /  |","level":"info","timestamp":"2021-03-04 12:24:00"}
{"message":"\\     \\___|  |_|  |   |  \\        /|  |    <|  |","level":"info","timestamp":"2021-03-04 12:24:00"}
{"message":" \\______  /____/__|___|  /\\__/\\  / |__|__|_ \\__|","level":"info","timestamp":"2021-03-04 12:24:00"}
{"message":"        \\/             \\/      \\/          \\/     ","level":"info","timestamp":"2021-03-04 12:24:00"}
{"message":"Server started on port 8088","level":"info","timestamp":"2021-03-04 12:24:00"}
{"message":"POST /graphql 200 134.439 ms - 20","level":"info","timestamp":"2021-03-04 12:24:01"}
{"message":"POST /graphql 200 271.570 ms - 595","level":"info","timestamp":"2021-03-04 12:24:15"}
{"message":"Loading .env from /home/chuck/clinwiki/.env","level":"info","timestamp":"2021-03-04 12:26:35"}
{"message":"Loading schema.graphql","level":"info","timestamp":"2021-03-04 12:26:35"}
{"message":"_________ .__  .__       __      __.__ __   .__ ","level":"info","timestamp":"2021-03-04 12:26:35"}
{"message":"\\_   ___ \\|  | |__| ____/  \\    /  \\__|  | _|__|","level":"info","timestamp":"2021-03-04 12:26:35"}
{"message":"/    \\  \\/|  | |  |/    \\   \\/\\/   /  |  |/ /  |","level":"info","timestamp":"2021-03-04 12:26:35"}
{"message":"\\     \\___|  |_|  |   |  \\        /|  |    <|  |","level":"info","timestamp":"2021-03-04 12:26:35"}
{"message":" \\______  /____/__|___|  /\\__/\\  / |__|__|_ \\__|","level":"info","timestamp":"2021-03-04 12:26:35"}
{"message":"        \\/             \\/      \\/          \\/     ","level":"info","timestamp":"2021-03-04 12:26:35"}
{"message":"Server started on port 8088","level":"info","timestamp":"2021-03-04 12:26:35"}
{"message":"POST /graphql 200 80.983 ms - 20","level":"info","timestamp":"2021-03-04 12:26:41"}
{"message":"POST /graphql 200 314.026 ms - 595","level":"info","timestamp":"2021-03-04 12:26:51"}
{"message":"POST /graphql 200 11.186 ms - 20","level":"info","timestamp":"2021-03-04 12:28:42"}
{"message":"POST /graphql 200 176.401 ms - 595","level":"info","timestamp":"2021-03-04 12:28:53"}
{"message":"Loading .env from /home/chuck/clinwiki/.env","level":"info","timestamp":"2021-03-04 12:36:31"}
{"message":"Loading schema.graphql","level":"info","timestamp":"2021-03-04 12:36:31"}
{"message":"_________ .__  .__       __      __.__ __   .__ ","level":"info","timestamp":"2021-03-04 12:36:31"}
{"message":"\\_   ___ \\|  | |__| ____/  \\    /  \\__|  | _|__|","level":"info","timestamp":"2021-03-04 12:36:31"}
{"message":"/    \\  \\/|  | |  |/    \\   \\/\\/   /  |  |/ /  |","level":"info","timestamp":"2021-03-04 12:36:31"}
{"message":"\\     \\___|  |_|  |   |  \\        /|  |    <|  |","level":"info","timestamp":"2021-03-04 12:36:31"}
{"message":" \\______  /____/__|___|  /\\__/\\  / |__|__|_ \\__|","level":"info","timestamp":"2021-03-04 12:36:31"}
{"message":"        \\/             \\/      \\/          \\/     ","level":"info","timestamp":"2021-03-04 12:36:31"}
{"message":"Server started on port 8088","level":"info","timestamp":"2021-03-04 12:36:31"}
{"message":"POST /graphql 200 113.951 ms - 20","level":"info","timestamp":"2021-03-04 12:36:41"}
{"message":"POST /graphql 200 229.057 ms - 595","level":"info","timestamp":"2021-03-04 12:36:55"}
